<?xml version="1.0" encoding="UTF-8"?>
<testng-results skipped="0" failed="0" ignored="0" total="2" passed="2">
  <reporter-output>
  </reporter-output>
  <suite name="Default suite" duration-ms="13156" started-at="2020-04-07T15:56:32 IST" finished-at="2020-04-07T15:56:45 IST">
    <groups>
    </groups>
    <test name="Default test" duration-ms="13156" started-at="2020-04-07T15:56:32 IST" finished-at="2020-04-07T15:56:45 IST">
      <class name="Amazon.InheritanceConcept">
        <test-method status="PASS" signature="Nav()[pri:0, instance:Amazon.InheritanceConcept@369f73a2]" name="Nav" duration-ms="7395" started-at="2020-04-07T15:56:32 IST" finished-at="2020-04-07T15:56:40 IST">
          <reporter-output>
          </reporter-output>
        </test-method> <!-- Nav -->
        <test-method status="PASS" signature="First()[pri:0, instance:Amazon.InheritanceConcept@369f73a2]" name="First" duration-ms="5731" started-at="2020-04-07T15:56:40 IST" finished-at="2020-04-07T15:56:45 IST">
          <reporter-output>
          </reporter-output>
        </test-method> <!-- First -->
      </class> <!-- Amazon.InheritanceConcept -->
    </test> <!-- Default test -->
  </suite> <!-- Default suite -->
</testng-results>
