<?xml version="1.0" encoding="UTF-8"?>
<!-- Generated by org.testng.reporters.JUnitXMLReporter -->
<testsuite hostname="LAPTOP-VT80RB39" ignored="2" name="TestPlan2" tests="5" failures="0" timestamp="2020-04-04T09:58:29 IST" time="0.011" errors="0">
  <testcase name="Basic" time="0.0" classname="Test.Demo"/>
  <testcase name="Basic1" time="0.0" classname="Test.Demo"/>
  <testcase name="Basic2" time="0.001" classname="Test.Demo"/>
  <testcase name="netbanking" time="0.0" classname="Test.Page2"/>
  <testcase name="netbanking2" time="0.001" classname="Test.Page2"/>
  <testcase name="cart" time="0.0" classname="Test.Page3">
    <ignored/>
  </testcase> <!-- cart -->
  <testcase name="cart2" time="0.0" classname="Test.Page3">
    <ignored/>
  </testcase> <!-- cart2 -->
</testsuite> <!-- TestPlan2 -->
