<?xml version="1.0" encoding="UTF-8"?>
<!-- Generated by org.testng.reporters.JUnitXMLReporter -->
<testsuite hostname="LAPTOP-VT80RB39" ignored="0" name="TestPlan1" tests="3" failures="2" timestamp="2020-04-07T07:57:30 IST" time="0.051" errors="0">
  <testcase name="class1_testcase1" time="0.01" classname="dataprovider.ListenersClass1"/>
  <testcase name="class1_testcase2" time="0.0" classname="dataprovider.ListenersClass1">
    <failure type="java.lang.AssertionError" message="expected [Hello] but found [Hi]">
      <![CDATA[java.lang.AssertionError: expected [Hello] but found [Hi]
at dataprovider.ListenersClass1.class1_testcase2(ListenersClass1.java:16)
at java.util.ArrayList.forEach(Unknown Source)
... Removed 32 stack frames]]>
    </failure>
  </testcase> <!-- class1_testcase2 -->
  <testcase name="Class2Testcase1" time="0.001" classname="dataprovider.ListenerClass2">
    <failure type="java.lang.AssertionError" message="expected [reddy] but found [obula]">
      <![CDATA[java.lang.AssertionError: expected [reddy] but found [obula]
at dataprovider.ListenerClass2.Class2Testcase1(ListenerClass2.java:11)
at java.util.ArrayList.forEach(Unknown Source)
... Removed 32 stack frames]]>
    </failure>
  </testcase> <!-- Class2Testcase1 -->
</testsuite> <!-- TestPlan1 -->
